Connecting to database specified by database.yml
Connecting to database specified by database.yml
Connecting to database specified by database.yml


Started GET "/assets/rails.png" for 127.0.0.1 at 2014-02-05 10:40:29 +0000
Served asset /rails.png - 200 OK (4ms)
Connecting to database specified by database.yml
Initializing jasmine.yml configuration
Connecting to database specified by database.yml
Connecting to database specified by database.yml
Connecting to database specified by database.yml
Connecting to database specified by database.yml
WEBrick 1.3.1
ruby 1.9.3 (2013-06-27) [x86_64-darwin13.0.0]
TCPServer.new(0.0.0.0, 49963)
TCPServer.new(::, 49963)
Rack::Handler::WEBrick is mounted on /.
WEBrick::HTTPServer#start: pid=24233 port=49963
accept: 127.0.0.1:49965
close: 127.0.0.1:49965
accept: 127.0.0.1:49966
Rack::Handler::WEBrick is invoked.


Started GET "/teaspoon/default?reporter=Console" for 127.0.0.1 at 2014-02-05 11:13:51 +0000
Processing by Teaspoon::SpecController#runner as HTML
  Parameters: {"reporter"=>"Console", "suite"=>"default"}
Compiled teaspoon.css  (0ms)  (pid 24233)
Compiled teaspoon-jasmine.js  (0ms)  (pid 24233)
Compiled support/bind-poly.js  (0ms)  (pid 24233)
Compiled jquery.js  (1ms)  (pid 24233)
Compiled jquery_ujs.js  (0ms)  (pid 24233)
Compiled application.js  (36ms)  (pid 24233)
Compiled spec_helper.js  (68ms)  (pid 24233)
  Rendered /Users/nickpeachey/.rvm/rubies/ruby-1.9.3-p448/lib/ruby/gems/1.9.1/gems/teaspoon-0.7.9/app/views/teaspoon/spec/_standard.html.erb (83.3ms)
  Rendered /Users/nickpeachey/.rvm/rubies/ruby-1.9.3-p448/lib/ruby/gems/1.9.1/gems/teaspoon-0.7.9/app/views/teaspoon/spec/runner.html.erb (132.9ms)
Completed 200 OK in 145ms (Views: 145.2ms | ActiveRecord: 0.0ms)
Rack::Handler::WEBrick is invoked.

accept: 127.0.0.1:49968

accept: 127.0.0.1:49967
Started GET "/assets/teaspoon.css?body=1" for 127.0.0.1 at 2014-02-05 11:13:51 +0000
accept: 127.0.0.1:49969
Served asset /teaspoon.css - 200 OK (2ms)
Rack::Handler::WEBrick is invoked.
Rack::Handler::WEBrick is invoked.
accept: 127.0.0.1:49970
accept: 127.0.0.1:49971

Rack::Handler::WEBrick is invoked.

Started GET "/assets/teaspoon-jasmine.js?body=1" for 127.0.0.1 at 2014-02-05 11:13:51 +0000
Rack::Handler::WEBrick is invoked.
Rack::Handler::WEBrick is invoked.
Rack::Handler::WEBrick is invoked.
Served asset /teaspoon-jasmine.js - 200 OK (1ms)


Started GET "/assets/support/bind-poly.js?body=1" for 127.0.0.1 at 2014-02-05 11:13:51 +0000
Served asset /support/bind-poly.js - 200 OK (1ms)


Started GET "/assets/jquery.js?body=1" for 127.0.0.1 at 2014-02-05 11:13:51 +0000
Served asset /jquery.js - 200 OK (3ms)


Started GET "/assets/spec_helper.js?body=1" for 127.0.0.1 at 2014-02-05 11:13:51 +0000
Served asset /spec_helper.js - 200 OK (22ms)


Started GET "/assets/jquery_ujs.js?body=1" for 127.0.0.1 at 2014-02-05 11:13:51 +0000
Served asset /jquery_ujs.js - 200 OK (2ms)


Started GET "/assets/application.js?body=1" for 127.0.0.1 at 2014-02-05 11:13:51 +0000
Served asset /application.js - 200 OK (3ms)
close: 127.0.0.1:49969
close: 127.0.0.1:49970
close: 127.0.0.1:49971
close: 127.0.0.1:49967
close: 127.0.0.1:49968
close: 127.0.0.1:49966
Connecting to database specified by database.yml
WEBrick 1.3.1
ruby 1.9.3 (2013-06-27) [x86_64-darwin13.0.0]
TCPServer.new(0.0.0.0, 49973)
TCPServer.new(::, 49973)
Rack::Handler::WEBrick is mounted on /.
WEBrick::HTTPServer#start: pid=24247 port=49973
accept: 127.0.0.1:49975
close: 127.0.0.1:49975
accept: 127.0.0.1:49976
Rack::Handler::WEBrick is invoked.


Started GET "/teaspoon/default?reporter=Console" for 127.0.0.1 at 2014-02-05 11:14:20 +0000
Processing by Teaspoon::SpecController#runner as HTML
  Parameters: {"reporter"=>"Console", "suite"=>"default"}
  Rendered /Users/nickpeachey/.rvm/rubies/ruby-1.9.3-p448/lib/ruby/gems/1.9.1/gems/teaspoon-0.7.9/app/views/teaspoon/spec/_standard.html.erb (8.9ms)
  Rendered /Users/nickpeachey/.rvm/rubies/ruby-1.9.3-p448/lib/ruby/gems/1.9.1/gems/teaspoon-0.7.9/app/views/teaspoon/spec/runner.html.erb (21.3ms)
Completed 200 OK in 45ms (Views: 44.5ms | ActiveRecord: 0.0ms)
Rack::Handler::WEBrick is invoked.
accept: 127.0.0.1:49977

accept: 127.0.0.1:49978

accept: 127.0.0.1:49979
Started GET "/assets/teaspoon.css?body=1" for 127.0.0.1 at 2014-02-05 11:14:20 +0000
Rack::Handler::WEBrick is invoked.
accept: 127.0.0.1:49981
accept: 127.0.0.1:49980
Rack::Handler::WEBrick is invoked.
Served asset /teaspoon.css - 200 OK (2ms)
Rack::Handler::WEBrick is invoked.


Rack::Handler::WEBrick is invoked.
Rack::Handler::WEBrick is invoked.
Started GET "/assets/teaspoon-jasmine.js?body=1" for 127.0.0.1 at 2014-02-05 11:14:20 +0000
Rack::Handler::WEBrick is invoked.
Served asset /teaspoon-jasmine.js - 200 OK (1ms)


Started GET "/assets/jquery.js?body=1" for 127.0.0.1 at 2014-02-05 11:14:20 +0000
Served asset /jquery.js - 200 OK (3ms)


Started GET "/assets/support/bind-poly.js?body=1" for 127.0.0.1 at 2014-02-05 11:14:20 +0000
Served asset /support/bind-poly.js - 200 OK (1ms)


Started GET "/assets/jquery_ujs.js?body=1" for 127.0.0.1 at 2014-02-05 11:14:20 +0000
Served asset /jquery_ujs.js - 200 OK (2ms)


Started GET "/assets/application.js?body=1" for 127.0.0.1 at 2014-02-05 11:14:20 +0000
Served asset /application.js - 200 OK (3ms)


Started GET "/assets/spec_helper.js?body=1" for 127.0.0.1 at 2014-02-05 11:14:20 +0000
Served asset /spec_helper.js - 200 OK (6ms)
close: 127.0.0.1:49980
close: 127.0.0.1:49978
close: 127.0.0.1:49976
close: 127.0.0.1:49981
close: 127.0.0.1:49979
close: 127.0.0.1:49977
Connecting to database specified by database.yml


Started GET "/assets/rails.png" for 127.0.0.1 at 2014-02-05 11:15:40 +0000
Served asset /rails.png - 304 Not Modified (1ms)


Started GET "/teaspoon" for 127.0.0.1 at 2014-02-05 11:15:41 +0000
Processing by Teaspoon::SpecController#suites as HTML
Compiled teaspoon-teaspoon.js  (0ms)  (pid 24258)
  Rendered /Users/nickpeachey/.rvm/rubies/ruby-1.9.3-p448/lib/ruby/gems/1.9.1/gems/teaspoon-0.7.9/app/views/teaspoon/spec/suites.html.erb (15.6ms)
Completed 200 OK in 39ms (Views: 38.5ms | ActiveRecord: 0.0ms)


Started GET "/assets/teaspoon.css?body=1" for 127.0.0.1 at 2014-02-05 11:15:41 +0000
Served asset /teaspoon.css - 200 OK (1ms)


Started GET "/assets/teaspoon-teaspoon.js?body=1" for 127.0.0.1 at 2014-02-05 11:15:41 +0000
Served asset /teaspoon-teaspoon.js - 200 OK (1ms)


Started GET "/teaspoon/default" for 127.0.0.1 at 2014-02-05 11:15:43 +0000
Processing by Teaspoon::SpecController#runner as HTML
  Parameters: {"suite"=>"default"}
  Rendered /Users/nickpeachey/.rvm/rubies/ruby-1.9.3-p448/lib/ruby/gems/1.9.1/gems/teaspoon-0.7.9/app/views/teaspoon/spec/_standard.html.erb (48.0ms)
  Rendered /Users/nickpeachey/.rvm/rubies/ruby-1.9.3-p448/lib/ruby/gems/1.9.1/gems/teaspoon-0.7.9/app/views/teaspoon/spec/runner.html.erb (78.6ms)
Completed 200 OK in 80ms (Views: 79.6ms | ActiveRecord: 0.0ms)


Started GET "/assets/teaspoon-jasmine.js?body=1" for 127.0.0.1 at 2014-02-05 11:15:43 +0000
Served asset /teaspoon-jasmine.js - 200 OK (17ms)


Started GET "/assets/jquery_ujs.js?body=1" for 127.0.0.1 at 2014-02-05 11:15:43 +0000
Served asset /jquery_ujs.js - 200 OK (2ms)


Started GET "/assets/jquery.js?body=1" for 127.0.0.1 at 2014-02-05 11:15:43 +0000
Served asset /jquery.js - 200 OK (3ms)


Started GET "/assets/support/bind-poly.js?body=1" for 127.0.0.1 at 2014-02-05 11:15:43 +0000
Served asset /support/bind-poly.js - 200 OK (1ms)


Started GET "/assets/application.js?body=1" for 127.0.0.1 at 2014-02-05 11:15:43 +0000
Served asset /application.js - 200 OK (3ms)


Started GET "/assets/spec_helper.js?body=1" for 127.0.0.1 at 2014-02-05 11:15:43 +0000
Served asset /spec_helper.js - 200 OK (7ms)
Connecting to database specified by database.yml
Connecting to database specified by database.yml
Connecting to database specified by database.yml
Connecting to database specified by database.yml
Connecting to database specified by database.yml
Connecting to database specified by database.yml
  [1m[36m (14.4ms)[0m  [1mCREATE TABLE `schema_migrations` (`version` varchar(255) NOT NULL) ENGINE=InnoDB[0m
  [1m[35m (13.3ms)[0m  CREATE UNIQUE INDEX `unique_schema_migrations` ON `schema_migrations` (`version`)
  [1m[36m (4.1ms)[0m  [1mSELECT `schema_migrations`.`version` FROM `schema_migrations` [0m
Migrating to DeviseCreateUsers (20140205113240)
  [1m[35m (16.1ms)[0m  CREATE TABLE `users` (`id` int(11) DEFAULT NULL auto_increment PRIMARY KEY, `email` varchar(255) DEFAULT '' NOT NULL, `encrypted_password` varchar(255) DEFAULT '' NOT NULL, `reset_password_token` varchar(255), `reset_password_sent_at` datetime, `remember_created_at` datetime, `sign_in_count` int(11) DEFAULT 0 NOT NULL, `current_sign_in_at` datetime, `last_sign_in_at` datetime, `current_sign_in_ip` varchar(255), `last_sign_in_ip` varchar(255), `created_at` datetime NOT NULL, `updated_at` datetime NOT NULL) ENGINE=InnoDB
  [1m[36m (13.6ms)[0m  [1mCREATE UNIQUE INDEX `index_users_on_email` ON `users` (`email`)[0m
  [1m[35m (16.4ms)[0m  CREATE UNIQUE INDEX `index_users_on_reset_password_token` ON `users` (`reset_password_token`)
  [1m[36m (0.3ms)[0m  [1mINSERT INTO `schema_migrations` (`version`) VALUES ('20140205113240')[0m
  [1m[35m (0.2ms)[0m  SELECT `schema_migrations`.`version` FROM `schema_migrations` 
Connecting to database specified by database.yml
Connecting to database specified by database.yml


Started GET "/" for 127.0.0.1 at 2014-02-05 13:15:19 +0000
Processing by HomeController#index as HTML
  Rendered home/index.html.erb within layouts/application (3.1ms)
Compiled admin.css  (9ms)  (pid 24660)
Compiled home.css  (2ms)  (pid 24660)
Compiled application.css  (40ms)  (pid 24660)
Compiled admin.js  (39ms)  (pid 24660)
Compiled home.js  (1ms)  (pid 24660)
Compiled application.js  (73ms)  (pid 24660)
Completed 200 OK in 185ms (Views: 184.3ms | ActiveRecord: 0.0ms)


Started GET "/assets/application.css?body=1" for 127.0.0.1 at 2014-02-05 13:15:19 +0000
Served asset /application.css - 200 OK (4ms)


Started GET "/assets/jquery_ujs.js?body=1" for 127.0.0.1 at 2014-02-05 13:15:19 +0000
Served asset /jquery_ujs.js - 304 Not Modified (2ms)


Started GET "/assets/admin.js?body=1" for 127.0.0.1 at 2014-02-05 13:15:19 +0000
Served asset /admin.js - 200 OK (1ms)


Started GET "/assets/home.css?body=1" for 127.0.0.1 at 2014-02-05 13:15:19 +0000
Served asset /home.css - 200 OK (1ms)


Started GET "/assets/admin.css?body=1" for 127.0.0.1 at 2014-02-05 13:15:20 +0000
Served asset /admin.css - 200 OK (1ms)


Started GET "/assets/jquery.js?body=1" for 127.0.0.1 at 2014-02-05 13:15:20 +0000
Served asset /jquery.js - 304 Not Modified (3ms)


Started GET "/assets/home.js?body=1" for 127.0.0.1 at 2014-02-05 13:15:20 +0000
Served asset /home.js - 200 OK (1ms)


Started GET "/assets/application.js?body=1" for 127.0.0.1 at 2014-02-05 13:15:20 +0000
Served asset /application.js - 304 Not Modified (4ms)


Started GET "/" for 127.0.0.1 at 2014-02-05 13:16:32 +0000
Processing by HomeController#index as HTML
  Rendered home/index.html.erb within layouts/application (0.0ms)
Completed 200 OK in 30ms (Views: 30.1ms | ActiveRecord: 0.0ms)


Started GET "/assets/admin.css?body=1" for 127.0.0.1 at 2014-02-05 13:16:32 +0000
Served asset /admin.css - 200 OK (0ms)


Started GET "/assets/jquery_ujs.js?body=1" for 127.0.0.1 at 2014-02-05 13:16:32 +0000
Served asset /jquery_ujs.js - 304 Not Modified (0ms)


Started GET "/assets/jquery.js?body=1" for 127.0.0.1 at 2014-02-05 13:16:32 +0000
Served asset /jquery.js - 304 Not Modified (0ms)


Started GET "/assets/admin.js?body=1" for 127.0.0.1 at 2014-02-05 13:16:32 +0000
Served asset /admin.js - 304 Not Modified (0ms)


Started GET "/assets/home.css?body=1" for 127.0.0.1 at 2014-02-05 13:16:32 +0000
Served asset /home.css - 200 OK (0ms)


Started GET "/assets/application.css?body=1" for 127.0.0.1 at 2014-02-05 13:16:32 +0000
Served asset /application.css - 304 Not Modified (0ms)


Started GET "/assets/home.js?body=1" for 127.0.0.1 at 2014-02-05 13:16:32 +0000
Served asset /home.js - 304 Not Modified (0ms)


Started GET "/assets/application.js?body=1" for 127.0.0.1 at 2014-02-05 13:16:32 +0000
Served asset /application.js - 304 Not Modified (0ms)


Started GET "/area/52d4f964e0f1cac0710f7636" for 127.0.0.1 at 2014-02-05 13:16:32 +0000

ActionController::RoutingError (No route matches [GET] "/area/52d4f964e0f1cac0710f7636"):
  actionpack (3.2.13) lib/action_dispatch/middleware/debug_exceptions.rb:21:in `call'
  actionpack (3.2.13) lib/action_dispatch/middleware/show_exceptions.rb:56:in `call'
  railties (3.2.13) lib/rails/rack/logger.rb:32:in `call_app'
  railties (3.2.13) lib/rails/rack/logger.rb:16:in `block in call'
  activesupport (3.2.13) lib/active_support/tagged_logging.rb:22:in `tagged'
  railties (3.2.13) lib/rails/rack/logger.rb:16:in `call'
  actionpack (3.2.13) lib/action_dispatch/middleware/request_id.rb:22:in `call'
  rack (1.4.5) lib/rack/methodoverride.rb:21:in `call'
  rack (1.4.5) lib/rack/runtime.rb:17:in `call'
  activesupport (3.2.13) lib/active_support/cache/strategy/local_cache.rb:72:in `call'
  rack (1.4.5) lib/rack/lock.rb:15:in `call'
  actionpack (3.2.13) lib/action_dispatch/middleware/static.rb:63:in `call'
  railties (3.2.13) lib/rails/engine.rb:479:in `call'
  railties (3.2.13) lib/rails/application.rb:223:in `call'
  rack (1.4.5) lib/rack/content_length.rb:14:in `call'
  railties (3.2.13) lib/rails/rack/log_tailer.rb:17:in `call'
  rack (1.4.5) lib/rack/handler/webrick.rb:59:in `service'
  /Users/nickpeachey/.rvm/rubies/ruby-1.9.3-p448/lib/ruby/1.9.1/webrick/httpserver.rb:138:in `service'
  /Users/nickpeachey/.rvm/rubies/ruby-1.9.3-p448/lib/ruby/1.9.1/webrick/httpserver.rb:94:in `run'
  /Users/nickpeachey/.rvm/rubies/ruby-1.9.3-p448/lib/ruby/1.9.1/webrick/server.rb:191:in `block in start_thread'


  Rendered /Users/nickpeachey/.rvm/gems/ruby-1.9.3-p448@global/gems/actionpack-3.2.13/lib/action_dispatch/middleware/templates/rescues/routing_error.erb within rescues/layout (0.8ms)


Started GET "/admin" for 127.0.0.1 at 2014-02-05 13:16:33 +0000

ActionController::RoutingError (No route matches [GET] "/admin"):
  actionpack (3.2.13) lib/action_dispatch/middleware/debug_exceptions.rb:21:in `call'
  actionpack (3.2.13) lib/action_dispatch/middleware/show_exceptions.rb:56:in `call'
  railties (3.2.13) lib/rails/rack/logger.rb:32:in `call_app'
  railties (3.2.13) lib/rails/rack/logger.rb:16:in `block in call'
  activesupport (3.2.13) lib/active_support/tagged_logging.rb:22:in `tagged'
  railties (3.2.13) lib/rails/rack/logger.rb:16:in `call'
  actionpack (3.2.13) lib/action_dispatch/middleware/request_id.rb:22:in `call'
  rack (1.4.5) lib/rack/methodoverride.rb:21:in `call'
  rack (1.4.5) lib/rack/runtime.rb:17:in `call'
  activesupport (3.2.13) lib/active_support/cache/strategy/local_cache.rb:72:in `call'
  rack (1.4.5) lib/rack/lock.rb:15:in `call'
  actionpack (3.2.13) lib/action_dispatch/middleware/static.rb:63:in `call'
  railties (3.2.13) lib/rails/engine.rb:479:in `call'
  railties (3.2.13) lib/rails/application.rb:223:in `call'
  rack (1.4.5) lib/rack/content_length.rb:14:in `call'
  railties (3.2.13) lib/rails/rack/log_tailer.rb:17:in `call'
  rack (1.4.5) lib/rack/handler/webrick.rb:59:in `service'
  /Users/nickpeachey/.rvm/rubies/ruby-1.9.3-p448/lib/ruby/1.9.1/webrick/httpserver.rb:138:in `service'
  /Users/nickpeachey/.rvm/rubies/ruby-1.9.3-p448/lib/ruby/1.9.1/webrick/httpserver.rb:94:in `run'
  /Users/nickpeachey/.rvm/rubies/ruby-1.9.3-p448/lib/ruby/1.9.1/webrick/server.rb:191:in `block in start_thread'


  Rendered /Users/nickpeachey/.rvm/gems/ruby-1.9.3-p448@global/gems/actionpack-3.2.13/lib/action_dispatch/middleware/templates/rescues/routing_error.erb within rescues/layout (0.6ms)


Started GET "/admin" for 127.0.0.1 at 2014-02-05 13:16:59 +0000
Processing by AdminController#index as HTML
Completed 500 Internal Server Error in 1ms

NoMethodError (undefined method `authenticate_member!' for #<AdminController:0x007fdd86005940>):
  activesupport (3.2.13) lib/active_support/callbacks.rb:418:in `_run__2943885333982330431__process_action__1544426657984311300__callbacks'
  activesupport (3.2.13) lib/active_support/callbacks.rb:405:in `__run_callback'
  activesupport (3.2.13) lib/active_support/callbacks.rb:385:in `_run_process_action_callbacks'
  activesupport (3.2.13) lib/active_support/callbacks.rb:81:in `run_callbacks'
  actionpack (3.2.13) lib/abstract_controller/callbacks.rb:17:in `process_action'
  actionpack (3.2.13) lib/action_controller/metal/rescue.rb:29:in `process_action'
  actionpack (3.2.13) lib/action_controller/metal/instrumentation.rb:30:in `block in process_action'
  activesupport (3.2.13) lib/active_support/notifications.rb:123:in `block in instrument'
  activesupport (3.2.13) lib/active_support/notifications/instrumenter.rb:20:in `instrument'
  activesupport (3.2.13) lib/active_support/notifications.rb:123:in `instrument'
  actionpack (3.2.13) lib/action_controller/metal/instrumentation.rb:29:in `process_action'
  actionpack (3.2.13) lib/action_controller/metal/params_wrapper.rb:207:in `process_action'
  activerecord (3.2.13) lib/active_record/railties/controller_runtime.rb:18:in `process_action'
  actionpack (3.2.13) lib/abstract_controller/base.rb:121:in `process'
  actionpack (3.2.13) lib/abstract_controller/rendering.rb:45:in `process'
  actionpack (3.2.13) lib/action_controller/metal.rb:203:in `dispatch'
  actionpack (3.2.13) lib/action_controller/metal/rack_delegation.rb:14:in `dispatch'
  actionpack (3.2.13) lib/action_controller/metal.rb:246:in `block in action'
  actionpack (3.2.13) lib/action_dispatch/routing/route_set.rb:73:in `call'
  actionpack (3.2.13) lib/action_dispatch/routing/route_set.rb:73:in `dispatch'
  actionpack (3.2.13) lib/action_dispatch/routing/route_set.rb:36:in `call'
  journey (1.0.4) lib/journey/router.rb:68:in `block in call'
  journey (1.0.4) lib/journey/router.rb:56:in `each'
  journey (1.0.4) lib/journey/router.rb:56:in `call'
  actionpack (3.2.13) lib/action_dispatch/routing/route_set.rb:612:in `call'
  warden (1.2.3) lib/warden/manager.rb:35:in `block in call'
  warden (1.2.3) lib/warden/manager.rb:34:in `catch'
  warden (1.2.3) lib/warden/manager.rb:34:in `call'
  actionpack (3.2.13) lib/action_dispatch/middleware/best_standards_support.rb:17:in `call'
  rack (1.4.5) lib/rack/etag.rb:23:in `call'
  rack (1.4.5) lib/rack/conditionalget.rb:25:in `call'
  actionpack (3.2.13) lib/action_dispatch/middleware/head.rb:14:in `call'
  actionpack (3.2.13) lib/action_dispatch/middleware/params_parser.rb:21:in `call'
  actionpack (3.2.13) lib/action_dispatch/middleware/flash.rb:242:in `call'
  rack (1.4.5) lib/rack/session/abstract/id.rb:210:in `context'
  rack (1.4.5) lib/rack/session/abstract/id.rb:205:in `call'
  actionpack (3.2.13) lib/action_dispatch/middleware/cookies.rb:341:in `call'
  activerecord (3.2.13) lib/active_record/query_cache.rb:64:in `call'
  activerecord (3.2.13) lib/active_record/connection_adapters/abstract/connection_pool.rb:479:in `call'
  actionpack (3.2.13) lib/action_dispatch/middleware/callbacks.rb:28:in `block in call'
  activesupport (3.2.13) lib/active_support/callbacks.rb:405:in `_run__1796487756980893087__call__1204067540857935059__callbacks'
  activesupport (3.2.13) lib/active_support/callbacks.rb:405:in `__run_callback'
  activesupport (3.2.13) lib/active_support/callbacks.rb:385:in `_run_call_callbacks'
  activesupport (3.2.13) lib/active_support/callbacks.rb:81:in `run_callbacks'
  actionpack (3.2.13) lib/action_dispatch/middleware/callbacks.rb:27:in `call'
  actionpack (3.2.13) lib/action_dispatch/middleware/reloader.rb:65:in `call'
  actionpack (3.2.13) lib/action_dispatch/middleware/remote_ip.rb:31:in `call'
  actionpack (3.2.13) lib/action_dispatch/middleware/debug_exceptions.rb:16:in `call'
  actionpack (3.2.13) lib/action_dispatch/middleware/show_exceptions.rb:56:in `call'
  railties (3.2.13) lib/rails/rack/logger.rb:32:in `call_app'
  railties (3.2.13) lib/rails/rack/logger.rb:16:in `block in call'
  activesupport (3.2.13) lib/active_support/tagged_logging.rb:22:in `tagged'
  railties (3.2.13) lib/rails/rack/logger.rb:16:in `call'
  actionpack (3.2.13) lib/action_dispatch/middleware/request_id.rb:22:in `call'
  rack (1.4.5) lib/rack/methodoverride.rb:21:in `call'
  rack (1.4.5) lib/rack/runtime.rb:17:in `call'
  activesupport (3.2.13) lib/active_support/cache/strategy/local_cache.rb:72:in `call'
  rack (1.4.5) lib/rack/lock.rb:15:in `call'
  actionpack (3.2.13) lib/action_dispatch/middleware/static.rb:63:in `call'
  railties (3.2.13) lib/rails/engine.rb:479:in `call'
  railties (3.2.13) lib/rails/application.rb:223:in `call'
  rack (1.4.5) lib/rack/content_length.rb:14:in `call'
  railties (3.2.13) lib/rails/rack/log_tailer.rb:17:in `call'
  rack (1.4.5) lib/rack/handler/webrick.rb:59:in `service'
  /Users/nickpeachey/.rvm/rubies/ruby-1.9.3-p448/lib/ruby/1.9.1/webrick/httpserver.rb:138:in `service'
  /Users/nickpeachey/.rvm/rubies/ruby-1.9.3-p448/lib/ruby/1.9.1/webrick/httpserver.rb:94:in `run'
  /Users/nickpeachey/.rvm/rubies/ruby-1.9.3-p448/lib/ruby/1.9.1/webrick/server.rb:191:in `block in start_thread'


  Rendered /Users/nickpeachey/.rvm/gems/ruby-1.9.3-p448@global/gems/actionpack-3.2.13/lib/action_dispatch/middleware/templates/rescues/_trace.erb (1.5ms)
  Rendered /Users/nickpeachey/.rvm/gems/ruby-1.9.3-p448@global/gems/actionpack-3.2.13/lib/action_dispatch/middleware/templates/rescues/_request_and_response.erb (1.0ms)
  Rendered /Users/nickpeachey/.rvm/gems/ruby-1.9.3-p448@global/gems/actionpack-3.2.13/lib/action_dispatch/middleware/templates/rescues/diagnostics.erb within rescues/layout (12.9ms)
Connecting to database specified by database.yml


Started GET "/admin" for 127.0.0.1 at 2014-02-05 13:17:56 +0000
Processing by AdminController#index as HTML
Completed 401 Unauthorized in 6ms


Started GET "/users/sign_in" for 127.0.0.1 at 2014-02-05 13:17:56 +0000
Processing by Devise::SessionsController#new as HTML
  Rendered devise/shared/_links.erb (0.9ms)
  Rendered devise/sessions/new.html.erb within layouts/application (9.5ms)
Completed 200 OK in 122ms (Views: 71.2ms | ActiveRecord: 1.4ms)


Started GET "/assets/home.css?body=1" for 127.0.0.1 at 2014-02-05 13:17:57 +0000
Served asset /home.css - 304 Not Modified (1ms)


Started GET "/assets/jquery.js?body=1" for 127.0.0.1 at 2014-02-05 13:17:57 +0000
Served asset /jquery.js - 304 Not Modified (4ms)


Started GET "/assets/home.js?body=1" for 127.0.0.1 at 2014-02-05 13:17:57 +0000
Served asset /home.js - 304 Not Modified (1ms)


Started GET "/assets/application.js?body=1" for 127.0.0.1 at 2014-02-05 13:17:57 +0000
Served asset /application.js - 304 Not Modified (4ms)


Started GET "/assets/jquery_ujs.js?body=1" for 127.0.0.1 at 2014-02-05 13:17:57 +0000
Served asset /jquery_ujs.js - 304 Not Modified (2ms)


Started GET "/users/sign_up" for 127.0.0.1 at 2014-02-05 13:18:04 +0000
Processing by Devise::RegistrationsController#new as HTML
  Rendered devise/shared/_links.erb (0.2ms)
  Rendered devise/registrations/new.html.erb within layouts/application (2.9ms)
Completed 200 OK in 35ms (Views: 34.0ms | ActiveRecord: 0.0ms)


Started GET "/assets/home.css?body=1" for 127.0.0.1 at 2014-02-05 13:18:04 +0000
Served asset /home.css - 304 Not Modified (0ms)


Started GET "/assets/jquery.js?body=1" for 127.0.0.1 at 2014-02-05 13:18:04 +0000
Served asset /jquery.js - 304 Not Modified (0ms)


Started GET "/assets/home.js?body=1" for 127.0.0.1 at 2014-02-05 13:18:04 +0000
Served asset /home.js - 304 Not Modified (0ms)


Started GET "/assets/jquery_ujs.js?body=1" for 127.0.0.1 at 2014-02-05 13:18:04 +0000
Served asset /jquery_ujs.js - 304 Not Modified (0ms)


Started GET "/assets/application.js?body=1" for 127.0.0.1 at 2014-02-05 13:18:04 +0000
Served asset /application.js - 304 Not Modified (0ms)
Connecting to database specified by database.yml
Connecting to database specified by database.yml
Connecting to database specified by database.yml


Started GET "/users/sign_up" for 127.0.0.1 at 2014-02-05 13:19:55 +0000
Processing by Devise::RegistrationsController#new as HTML
  Rendered devise/shared/_links.erb (0.2ms)
  Rendered devise/registrations/new.html.erb within layouts/application (2.6ms)
Compiled twitter-bootstrap-static/bootstrap.css  (49ms)  (pid 24686)
Compiled twitter-bootstrap-static/fontawesome.css  (32ms)  (pid 24686)
Compiled bootstrap_and_overrides.css  (100ms)  (pid 24686)
Compiled application.css  (106ms)  (pid 24686)
Compiled twitter/bootstrap/bootstrap-transition.js  (0ms)  (pid 24686)
Compiled twitter/bootstrap/bootstrap-alert.js  (0ms)  (pid 24686)
Compiled twitter/bootstrap/bootstrap-modal.js  (0ms)  (pid 24686)
Compiled twitter/bootstrap/bootstrap-dropdown.js  (0ms)  (pid 24686)
Compiled twitter/bootstrap/bootstrap-scrollspy.js  (0ms)  (pid 24686)
Compiled twitter/bootstrap/bootstrap-tab.js  (0ms)  (pid 24686)
Compiled twitter/bootstrap/bootstrap-tooltip.js  (0ms)  (pid 24686)
Compiled twitter/bootstrap/bootstrap-popover.js  (0ms)  (pid 24686)
Compiled twitter/bootstrap/bootstrap-button.js  (0ms)  (pid 24686)
Compiled twitter/bootstrap/bootstrap-collapse.js  (0ms)  (pid 24686)
Compiled twitter/bootstrap/bootstrap-carousel.js  (0ms)  (pid 24686)
Compiled twitter/bootstrap/bootstrap-typeahead.js  (0ms)  (pid 24686)
Compiled twitter/bootstrap/bootstrap-affix.js  (0ms)  (pid 24686)
Compiled twitter/bootstrap.js  (156ms)  (pid 24686)
Compiled bootstrap.js  (49ms)  (pid 24686)
Compiled application.js  (241ms)  (pid 24686)
Completed 200 OK in 447ms (Views: 445.4ms | ActiveRecord: 0.0ms)


Started GET "/assets/home.css?body=1" for 127.0.0.1 at 2014-02-05 13:19:55 +0000
Served asset /home.css - 304 Not Modified (0ms)


Started GET "/assets/application.css?body=1" for 127.0.0.1 at 2014-02-05 13:19:55 +0000
Served asset /application.css - 304 Not Modified (7ms)


Started GET "/assets/twitter-bootstrap-static/fontawesome.css?body=1" for 127.0.0.1 at 2014-02-05 13:19:55 +0000
Served asset /twitter-bootstrap-static/fontawesome.css - 200 OK (2ms)


Started GET "/assets/admin.css?body=1" for 127.0.0.1 at 2014-02-05 13:19:55 +0000
Served asset /admin.css - 304 Not Modified (1ms)


Started GET "/assets/twitter-bootstrap-static/bootstrap.css?body=1" for 127.0.0.1 at 2014-02-05 13:19:55 +0000
Served asset /twitter-bootstrap-static/bootstrap.css - 200 OK (2ms)


Started GET "/assets/bootstrap_and_overrides.css?body=1" for 127.0.0.1 at 2014-02-05 13:19:55 +0000
Served asset /bootstrap_and_overrides.css - 200 OK (5ms)


Started GET "/assets/jquery.js?body=1" for 127.0.0.1 at 2014-02-05 13:19:55 +0000
Served asset /jquery.js - 304 Not Modified (0ms)


Started GET "/assets/jquery_ujs.js?body=1" for 127.0.0.1 at 2014-02-05 13:19:55 +0000
Served asset /jquery_ujs.js - 304 Not Modified (0ms)


Started GET "/assets/twitter/bootstrap/bootstrap-transition.js?body=1" for 127.0.0.1 at 2014-02-05 13:19:55 +0000
Served asset /twitter/bootstrap/bootstrap-transition.js - 200 OK (2ms)


Started GET "/assets/twitter/bootstrap/bootstrap-alert.js?body=1" for 127.0.0.1 at 2014-02-05 13:19:55 +0000
Served asset /twitter/bootstrap/bootstrap-alert.js - 200 OK (2ms)


Started GET "/assets/twitter/bootstrap/bootstrap-modal.js?body=1" for 127.0.0.1 at 2014-02-05 13:19:55 +0000
Served asset /twitter/bootstrap/bootstrap-modal.js - 200 OK (1ms)


Started GET "/assets/twitter/bootstrap/bootstrap-dropdown.js?body=1" for 127.0.0.1 at 2014-02-05 13:19:55 +0000
Served asset /twitter/bootstrap/bootstrap-dropdown.js - 200 OK (2ms)


Started GET "/assets/twitter/bootstrap/bootstrap-scrollspy.js?body=1" for 127.0.0.1 at 2014-02-05 13:19:55 +0000
Served asset /twitter/bootstrap/bootstrap-scrollspy.js - 200 OK (1ms)


Started GET "/assets/twitter/bootstrap/bootstrap-tooltip.js?body=1" for 127.0.0.1 at 2014-02-05 13:19:55 +0000
Served asset /twitter/bootstrap/bootstrap-tooltip.js - 200 OK (1ms)


Started GET "/assets/twitter/bootstrap/bootstrap-tab.js?body=1" for 127.0.0.1 at 2014-02-05 13:19:55 +0000
Served asset /twitter/bootstrap/bootstrap-tab.js - 200 OK (1ms)


Started GET "/assets/twitter/bootstrap/bootstrap-popover.js?body=1" for 127.0.0.1 at 2014-02-05 13:19:55 +0000
Served asset /twitter/bootstrap/bootstrap-popover.js - 200 OK (1ms)


Started GET "/assets/twitter/bootstrap/bootstrap-button.js?body=1" for 127.0.0.1 at 2014-02-05 13:19:55 +0000
Served asset /twitter/bootstrap/bootstrap-button.js - 200 OK (1ms)


Started GET "/assets/twitter/bootstrap/bootstrap-collapse.js?body=1" for 127.0.0.1 at 2014-02-05 13:19:55 +0000
Served asset /twitter/bootstrap/bootstrap-collapse.js - 200 OK (1ms)


Started GET "/assets/twitter/bootstrap/bootstrap-carousel.js?body=1" for 127.0.0.1 at 2014-02-05 13:19:55 +0000
Served asset /twitter/bootstrap/bootstrap-carousel.js - 200 OK (1ms)


Started GET "/assets/twitter/bootstrap/bootstrap-typeahead.js?body=1" for 127.0.0.1 at 2014-02-05 13:19:55 +0000
Served asset /twitter/bootstrap/bootstrap-typeahead.js - 200 OK (2ms)


Started GET "/assets/twitter/bootstrap/bootstrap-affix.js?body=1" for 127.0.0.1 at 2014-02-05 13:19:55 +0000
Served asset /twitter/bootstrap/bootstrap-affix.js - 200 OK (1ms)


Started GET "/assets/twitter/bootstrap.js?body=1" for 127.0.0.1 at 2014-02-05 13:19:55 +0000
Served asset /twitter/bootstrap.js - 200 OK (11ms)


Started GET "/assets/admin.js?body=1" for 127.0.0.1 at 2014-02-05 13:19:55 +0000
Served asset /admin.js - 304 Not Modified (1ms)


Started GET "/assets/bootstrap.js?body=1" for 127.0.0.1 at 2014-02-05 13:19:55 +0000
Served asset /bootstrap.js - 200 OK (1ms)


Started GET "/assets/home.js?body=1" for 127.0.0.1 at 2014-02-05 13:19:55 +0000
Served asset /home.js - 304 Not Modified (0ms)


Started GET "/assets/application.js?body=1" for 127.0.0.1 at 2014-02-05 13:19:55 +0000
Served asset /application.js - 200 OK (39ms)


Started GET "/assets/favicon.ico" for 127.0.0.1 at 2014-02-05 13:19:56 +0000
Served asset /favicon.ico - 404 Not Found (5ms)

ActionController::RoutingError (No route matches [GET] "/assets/favicon.ico"):
  actionpack (3.2.13) lib/action_dispatch/middleware/debug_exceptions.rb:21:in `call'
  actionpack (3.2.13) lib/action_dispatch/middleware/show_exceptions.rb:56:in `call'
  railties (3.2.13) lib/rails/rack/logger.rb:32:in `call_app'
  railties (3.2.13) lib/rails/rack/logger.rb:16:in `block in call'
  activesupport (3.2.13) lib/active_support/tagged_logging.rb:22:in `tagged'
  railties (3.2.13) lib/rails/rack/logger.rb:16:in `call'
  actionpack (3.2.13) lib/action_dispatch/middleware/request_id.rb:22:in `call'
  rack (1.4.5) lib/rack/methodoverride.rb:21:in `call'
  rack (1.4.5) lib/rack/runtime.rb:17:in `call'
  activesupport (3.2.13) lib/active_support/cache/strategy/local_cache.rb:72:in `call'
  rack (1.4.5) lib/rack/lock.rb:15:in `call'
  actionpack (3.2.13) lib/action_dispatch/middleware/static.rb:63:in `call'
  railties (3.2.13) lib/rails/engine.rb:479:in `call'
  railties (3.2.13) lib/rails/application.rb:223:in `call'
  rack (1.4.5) lib/rack/content_length.rb:14:in `call'
  railties (3.2.13) lib/rails/rack/log_tailer.rb:17:in `call'
  rack (1.4.5) lib/rack/handler/webrick.rb:59:in `service'
  /Users/nickpeachey/.rvm/rubies/ruby-1.9.3-p448/lib/ruby/1.9.1/webrick/httpserver.rb:138:in `service'
  /Users/nickpeachey/.rvm/rubies/ruby-1.9.3-p448/lib/ruby/1.9.1/webrick/httpserver.rb:94:in `run'
  /Users/nickpeachey/.rvm/rubies/ruby-1.9.3-p448/lib/ruby/1.9.1/webrick/server.rb:191:in `block in start_thread'


  Rendered /Users/nickpeachey/.rvm/gems/ruby-1.9.3-p448@global/gems/actionpack-3.2.13/lib/action_dispatch/middleware/templates/rescues/routing_error.erb within rescues/layout (0.7ms)


Started GET "/users/sign_up" for 127.0.0.1 at 2014-02-05 13:20:20 +0000
Processing by Devise::RegistrationsController#new as HTML
  Rendered devise/shared/_links.erb (0.2ms)
  Rendered devise/registrations/new.html.erb within layouts/application (3.0ms)
Compiled bootstrap_and_overrides.css  (3ms)  (pid 24686)
Compiled application.css  (1ms)  (pid 24686)
Completed 200 OK in 77ms (Views: 76.0ms | ActiveRecord: 0.0ms)


Started GET "/assets/application.css?body=1" for 127.0.0.1 at 2014-02-05 13:20:20 +0000
Served asset /application.css - 304 Not Modified (28ms)


Started GET "/assets/twitter-bootstrap-static/fontawesome.css?body=1" for 127.0.0.1 at 2014-02-05 13:20:20 +0000
Served asset /twitter-bootstrap-static/fontawesome.css - 304 Not Modified (0ms)


Started GET "/assets/admin.css?body=1" for 127.0.0.1 at 2014-02-05 13:20:20 +0000
Served asset /admin.css - 304 Not Modified (0ms)


Started GET "/assets/twitter-bootstrap-static/bootstrap.css?body=1" for 127.0.0.1 at 2014-02-05 13:20:20 +0000
Served asset /twitter-bootstrap-static/bootstrap.css - 304 Not Modified (0ms)


Started GET "/assets/home.css?body=1" for 127.0.0.1 at 2014-02-05 13:20:20 +0000
Served asset /home.css - 304 Not Modified (0ms)


Started GET "/assets/bootstrap_and_overrides.css?body=1" for 127.0.0.1 at 2014-02-05 13:20:20 +0000
Served asset /bootstrap_and_overrides.css - 200 OK (4ms)


Started GET "/assets/jquery.js?body=1" for 127.0.0.1 at 2014-02-05 13:20:20 +0000
Served asset /jquery.js - 304 Not Modified (0ms)


Started GET "/assets/jquery_ujs.js?body=1" for 127.0.0.1 at 2014-02-05 13:20:20 +0000
Served asset /jquery_ujs.js - 304 Not Modified (0ms)


Started GET "/assets/twitter/bootstrap/bootstrap-transition.js?body=1" for 127.0.0.1 at 2014-02-05 13:20:20 +0000
Served asset /twitter/bootstrap/bootstrap-transition.js - 304 Not Modified (0ms)


Started GET "/assets/twitter/bootstrap/bootstrap-alert.js?body=1" for 127.0.0.1 at 2014-02-05 13:20:20 +0000
Served asset /twitter/bootstrap/bootstrap-alert.js - 304 Not Modified (0ms)


Started GET "/assets/twitter/bootstrap/bootstrap-modal.js?body=1" for 127.0.0.1 at 2014-02-05 13:20:20 +0000
Served asset /twitter/bootstrap/bootstrap-modal.js - 304 Not Modified (0ms)


Started GET "/assets/twitter/bootstrap/bootstrap-dropdown.js?body=1" for 127.0.0.1 at 2014-02-05 13:20:20 +0000
Served asset /twitter/bootstrap/bootstrap-dropdown.js - 304 Not Modified (0ms)


Started GET "/assets/twitter/bootstrap/bootstrap-scrollspy.js?body=1" for 127.0.0.1 at 2014-02-05 13:20:20 +0000
Served asset /twitter/bootstrap/bootstrap-scrollspy.js - 304 Not Modified (0ms)


Started GET "/assets/twitter/bootstrap/bootstrap-tab.js?body=1" for 127.0.0.1 at 2014-02-05 13:20:20 +0000
Served asset /twitter/bootstrap/bootstrap-tab.js - 304 Not Modified (0ms)


Started GET "/assets/twitter/bootstrap/bootstrap-tooltip.js?body=1" for 127.0.0.1 at 2014-02-05 13:20:20 +0000
Served asset /twitter/bootstrap/bootstrap-tooltip.js - 304 Not Modified (0ms)


Started GET "/assets/twitter/bootstrap/bootstrap-popover.js?body=1" for 127.0.0.1 at 2014-02-05 13:20:20 +0000
Served asset /twitter/bootstrap/bootstrap-popover.js - 304 Not Modified (0ms)


Started GET "/assets/twitter/bootstrap/bootstrap-button.js?body=1" for 127.0.0.1 at 2014-02-05 13:20:20 +0000
Served asset /twitter/bootstrap/bootstrap-button.js - 304 Not Modified (0ms)


Started GET "/assets/twitter/bootstrap/bootstrap-collapse.js?body=1" for 127.0.0.1 at 2014-02-05 13:20:20 +0000
Served asset /twitter/bootstrap/bootstrap-collapse.js - 304 Not Modified (0ms)


Started GET "/assets/twitter/bootstrap/bootstrap-carousel.js?body=1" for 127.0.0.1 at 2014-02-05 13:20:21 +0000
Served asset /twitter/bootstrap/bootstrap-carousel.js - 304 Not Modified (0ms)


Started GET "/assets/twitter/bootstrap/bootstrap-typeahead.js?body=1" for 127.0.0.1 at 2014-02-05 13:20:21 +0000
Served asset /twitter/bootstrap/bootstrap-typeahead.js - 304 Not Modified (0ms)


Started GET "/assets/twitter/bootstrap/bootstrap-affix.js?body=1" for 127.0.0.1 at 2014-02-05 13:20:21 +0000
Served asset /twitter/bootstrap/bootstrap-affix.js - 304 Not Modified (0ms)


Started GET "/assets/admin.js?body=1" for 127.0.0.1 at 2014-02-05 13:20:21 +0000
Served asset /admin.js - 304 Not Modified (0ms)


Started GET "/assets/twitter/bootstrap.js?body=1" for 127.0.0.1 at 2014-02-05 13:20:21 +0000
Served asset /twitter/bootstrap.js - 304 Not Modified (0ms)


Started GET "/assets/bootstrap.js?body=1" for 127.0.0.1 at 2014-02-05 13:20:21 +0000
Served asset /bootstrap.js - 304 Not Modified (0ms)


Started GET "/assets/home.js?body=1" for 127.0.0.1 at 2014-02-05 13:20:21 +0000
Served asset /home.js - 304 Not Modified (0ms)


Started GET "/assets/application.js?body=1" for 127.0.0.1 at 2014-02-05 13:20:21 +0000
Served asset /application.js - 304 Not Modified (0ms)
Connecting to database specified by database.yml


Started GET "/users/sign_up" for 127.0.0.1 at 2014-02-05 13:21:30 +0000
Processing by Devise::RegistrationsController#new as HTML
  Rendered devise/shared/_links.erb (0.3ms)
  Rendered devise/registrations/new.html.erb within layouts/application (3.6ms)
Compiled bootstrap_and_overrides.css  (732ms)  (pid 24686)
Compiled application.css  (767ms)  (pid 24686)
Completed 200 OK in 886ms (Views: 885.2ms | ActiveRecord: 0.0ms)


Started GET "/assets/admin.css?body=1" for 127.0.0.1 at 2014-02-05 13:21:31 +0000
Served asset /admin.css - 304 Not Modified (0ms)


Started GET "/assets/jquery.js?body=1" for 127.0.0.1 at 2014-02-05 13:21:31 +0000
Served asset /jquery.js - 304 Not Modified (0ms)


Started GET "/assets/application.css?body=1" for 127.0.0.1 at 2014-02-05 13:21:31 +0000
Served asset /application.css - 304 Not Modified (6ms)


Started GET "/assets/home.css?body=1" for 127.0.0.1 at 2014-02-05 13:21:31 +0000
Served asset /home.css - 304 Not Modified (0ms)


Started GET "/assets/bootstrap_and_overrides.css?body=1" for 127.0.0.1 at 2014-02-05 13:21:31 +0000
Served asset /bootstrap_and_overrides.css - 200 OK (3ms)


Started GET "/assets/jquery_ujs.js?body=1" for 127.0.0.1 at 2014-02-05 13:21:31 +0000
Served asset /jquery_ujs.js - 304 Not Modified (0ms)


Started GET "/assets/twitter/bootstrap/bootstrap-transition.js?body=1" for 127.0.0.1 at 2014-02-05 13:21:31 +0000
Served asset /twitter/bootstrap/bootstrap-transition.js - 304 Not Modified (0ms)


Started GET "/assets/twitter/bootstrap/bootstrap-alert.js?body=1" for 127.0.0.1 at 2014-02-05 13:21:31 +0000
Served asset /twitter/bootstrap/bootstrap-alert.js - 304 Not Modified (0ms)


Started GET "/assets/twitter/bootstrap/bootstrap-modal.js?body=1" for 127.0.0.1 at 2014-02-05 13:21:31 +0000
Served asset /twitter/bootstrap/bootstrap-modal.js - 304 Not Modified (0ms)


Started GET "/assets/twitter/bootstrap/bootstrap-dropdown.js?body=1" for 127.0.0.1 at 2014-02-05 13:21:31 +0000
Served asset /twitter/bootstrap/bootstrap-dropdown.js - 304 Not Modified (0ms)


Started GET "/assets/twitter/bootstrap/bootstrap-scrollspy.js?body=1" for 127.0.0.1 at 2014-02-05 13:21:31 +0000
Served asset /twitter/bootstrap/bootstrap-scrollspy.js - 304 Not Modified (0ms)


Started GET "/assets/twitter/bootstrap/bootstrap-tab.js?body=1" for 127.0.0.1 at 2014-02-05 13:21:31 +0000
Served asset /twitter/bootstrap/bootstrap-tab.js - 304 Not Modified (0ms)


Started GET "/assets/twitter/bootstrap/bootstrap-tooltip.js?body=1" for 127.0.0.1 at 2014-02-05 13:21:31 +0000
Served asset /twitter/bootstrap/bootstrap-tooltip.js - 304 Not Modified (0ms)


Started GET "/assets/twitter/bootstrap/bootstrap-popover.js?body=1" for 127.0.0.1 at 2014-02-05 13:21:31 +0000
Served asset /twitter/bootstrap/bootstrap-popover.js - 304 Not Modified (0ms)


Started GET "/assets/twitter/bootstrap/bootstrap-button.js?body=1" for 127.0.0.1 at 2014-02-05 13:21:31 +0000
Served asset /twitter/bootstrap/bootstrap-button.js - 304 Not Modified (0ms)


Started GET "/assets/twitter/bootstrap/bootstrap-collapse.js?body=1" for 127.0.0.1 at 2014-02-05 13:21:31 +0000
Served asset /twitter/bootstrap/bootstrap-collapse.js - 304 Not Modified (0ms)


Started GET "/assets/twitter/bootstrap/bootstrap-typeahead.js?body=1" for 127.0.0.1 at 2014-02-05 13:21:31 +0000
Served asset /twitter/bootstrap/bootstrap-typeahead.js - 304 Not Modified (0ms)


Started GET "/assets/twitter/bootstrap/bootstrap-carousel.js?body=1" for 127.0.0.1 at 2014-02-05 13:21:31 +0000
Served asset /twitter/bootstrap/bootstrap-carousel.js - 304 Not Modified (0ms)


Started GET "/assets/twitter/bootstrap/bootstrap-affix.js?body=1" for 127.0.0.1 at 2014-02-05 13:21:31 +0000
Served asset /twitter/bootstrap/bootstrap-affix.js - 304 Not Modified (0ms)


Started GET "/assets/twitter/bootstrap.js?body=1" for 127.0.0.1 at 2014-02-05 13:21:31 +0000
Served asset /twitter/bootstrap.js - 304 Not Modified (0ms)


Started GET "/assets/admin.js?body=1" for 127.0.0.1 at 2014-02-05 13:21:31 +0000
Served asset /admin.js - 304 Not Modified (0ms)


Started GET "/assets/home.js?body=1" for 127.0.0.1 at 2014-02-05 13:21:31 +0000
Served asset /home.js - 304 Not Modified (0ms)


Started GET "/assets/bootstrap.js?body=1" for 127.0.0.1 at 2014-02-05 13:21:31 +0000
Served asset /bootstrap.js - 304 Not Modified (0ms)


Started GET "/assets/application.js?body=1" for 127.0.0.1 at 2014-02-05 13:21:31 +0000
Served asset /application.js - 304 Not Modified (0ms)
